c:\users\kolts\source\repos\curve_dll\x64\debug\curve_dll.pch
c:\users\kolts\source\repos\curve_dll\x64\debug\vc143.pdb
c:\users\kolts\source\repos\curve_dll\x64\debug\vc143.idb
c:\users\kolts\source\repos\curve_dll\x64\debug\pch.obj
c:\users\kolts\source\repos\curve_dll\x64\debug\curve.obj
c:\users\kolts\source\repos\curve_dll\x64\debug\dllmain.obj
c:\users\kolts\source\repos\curve_dll\x64\debug\curve_dll.ilk
c:\users\kolts\source\repos\curve_dll\x64\debug\curve_dll.dll
c:\users\kolts\source\repos\curve_dll\x64\debug\curve_dll.pdb
c:\users\kolts\source\repos\curve_dll\x64\debug\curve_dll.lib
c:\users\kolts\source\repos\curve_dll\x64\debug\curve_dll.exp
c:\users\kolts\documents\github\3dcurve\3dcurve\curve_dll\x64\debug\curve.obj
c:\users\kolts\documents\github\3dcurve\3dcurve\curve_dll\x64\debug\dllmain.obj
c:\users\kolts\documents\github\3dcurve\3dcurve\curve_dll\x64\debug\pch.obj
c:\users\kolts\documents\github\3dcurve\3dcurve\curve_dll\x64\debug\curve_dll.ilk
c:\users\kolts\documents\github\3dcurve\3dcurve\curve_dll\x64\debug\curve_dll.pch
c:\users\kolts\documents\github\3dcurve\3dcurve\curve_dll\x64\debug\curve_dll.exp
c:\users\kolts\documents\github\3dcurve\3dcurve\curve_dll\x64\debug\vc143.idb
c:\users\kolts\documents\github\3dcurve\3dcurve\curve_dll\x64\debug\curve_dll.pdb
c:\users\kolts\documents\github\3dcurve\3dcurve\curve_dll\x64\debug\vc143.pdb
c:\users\kolts\documents\github\3dcurve\3dcurve\curve_dll\x64\debug\curve_dll.dll
c:\users\kolts\documents\github\3dcurve\3dcurve\curve_dll\x64\debug\curve_dll.tlog\cl.command.1.tlog
c:\users\kolts\documents\github\3dcurve\3dcurve\curve_dll\x64\debug\curve_dll.tlog\cl.read.1.tlog
c:\users\kolts\documents\github\3dcurve\3dcurve\curve_dll\x64\debug\curve_dll.tlog\cl.write.1.tlog
c:\users\kolts\documents\github\3dcurve\3dcurve\curve_dll\x64\debug\curve_dll.tlog\link.command.1.tlog
c:\users\kolts\documents\github\3dcurve\3dcurve\curve_dll\x64\debug\curve_dll.tlog\link.read.1.tlog
c:\users\kolts\documents\github\3dcurve\3dcurve\curve_dll\x64\debug\curve_dll.tlog\link.write.1.tlog
c:\users\kolts\documents\github\3dcurve\3dcurve\curve_dll\x64\debug\curve_dll.tlog\link.write.2u.tlog
